{
  "RSpec": {
    "coverage": {
      "/Users/Swa/Desktop/Projects/week10/Bank_tech_test/spec/bankAccount_spec.rb": {
        "lines": [
          1,
          null,
          1,
          null,
          1,
          5,
          null,
          1,
          1,
          1,
          null,
          null,
          1,
          1,
          1,
          null,
          null,
          1,
          1,
          1,
          1,
          null,
          null,
          null,
          1,
          1,
          2,
          null,
          null,
          null,
          null,
          1,
          6,
          1,
          1,
          null,
          1,
          1,
          1,
          1,
          null,
          null,
          1,
          1,
          1,
          1,
          1,
          null,
          null,
          1,
          1,
          1,
          1,
          1,
          1,
          1,
          null,
          null,
          null,
          1,
          1,
          2,
          1,
          null,
          null,
          1,
          1,
          2,
          1,
          null,
          null,
          null,
          null
        ]
      },
      "/Users/Swa/Desktop/Projects/week10/Bank_tech_test/lib/bankAccount.rb": {
        "lines": [
          1,
          null,
          1,
          1,
          null,
          1,
          null,
          1,
          9,
          9,
          null,
          null,
          1,
          3,
          null,
          null,
          1,
          3,
          3,
          3,
          null,
          null,
          1,
          4,
          1,
          1,
          1,
          null,
          null,
          1,
          11,
          11,
          11,
          12,
          null,
          11,
          null,
          null,
          1,
          1,
          4,
          null,
          null
        ]
      },
      "/Users/Swa/Desktop/Projects/week10/Bank_tech_test/lib/statement.rb": {
        "lines": [
          1,
          null,
          1,
          null,
          1,
          null,
          6,
          null,
          null,
          6,
          4,
          4,
          null,
          2,
          2,
          null,
          6,
          null,
          null,
          1,
          1,
          12,
          null,
          null,
          1,
          6,
          null,
          null
        ]
      },
      "/Users/Swa/Desktop/Projects/week10/Bank_tech_test/spec/statement_spec.rb": {
        "lines": [
          1,
          null,
          1,
          1,
          3,
          null,
          1,
          1,
          1,
          null,
          null,
          1,
          1,
          1,
          null,
          null,
          null
        ]
      }
    },
    "timestamp": 1643723862
  }
}
