{
  "RSpec": {
    "coverage": {
      "/Users/Swa/Desktop/Projects/week10/Bank_tech_test/spec/bankAccount_spec.rb": {
        "lines": [
          null,
          null,
          1,
          null,
          1,
          3,
          null,
          1,
          1,
          null,
          1,
          null,
          null,
          1,
          1,
          1,
          null,
          1,
          null,
          null,
          1,
          7,
          1,
          1,
          1,
          null,
          1,
          1,
          1,
          1,
          null,
          null,
          1,
          1,
          null,
          1,
          1,
          1,
          null,
          null,
          1,
          1,
          null,
          1,
          1,
          1,
          null,
          null,
          1,
          1,
          1,
          1,
          null,
          1,
          1,
          1,
          1,
          1,
          null,
          null,
          null,
          1,
          null,
          1,
          2,
          null,
          1,
          null,
          null,
          1,
          1,
          null,
          2,
          1,
          null,
          null,
          null,
          null
        ]
      },
      "/Users/Swa/Desktop/Projects/week10/Bank_tech_test/lib/bankAccount.rb": {
        "lines": [
          null,
          null,
          1,
          null,
          1,
          null,
          1,
          null,
          1,
          10,
          null,
          null,
          1,
          5,
          null,
          null,
          1,
          4,
          null,
          null,
          1,
          20,
          null,
          null,
          1,
          null,
          1,
          9,
          null,
          null
        ]
      },
      "/Users/Swa/Desktop/Projects/week10/Bank_tech_test/lib/statement.rb": {
        "lines": [
          null,
          null,
          1,
          null,
          1,
          null,
          1,
          null,
          1,
          19,
          19,
          null,
          null,
          1,
          null,
          21,
          null,
          21,
          10,
          null,
          6,
          6,
          null,
          11,
          11,
          null,
          17,
          null,
          null,
          1,
          25,
          25,
          25,
          69,
          null,
          null,
          null,
          1,
          null,
          1,
          10,
          null,
          null,
          1,
          34,
          null,
          null,
          1,
          21,
          null,
          null,
          1,
          25,
          null,
          null,
          1,
          9,
          null,
          null
        ]
      },
      "/Users/Swa/Desktop/Projects/week10/Bank_tech_test/spec/feature_test_spec.rb": {
        "lines": [
          null,
          null,
          1,
          null,
          null,
          1,
          1,
          1,
          1,
          1,
          1,
          null,
          null,
          1,
          1,
          null,
          1,
          null,
          null,
          1,
          1,
          null,
          1,
          null,
          null,
          1,
          1,
          null,
          1,
          null,
          null,
          1,
          1,
          1,
          1,
          1,
          null,
          1,
          1,
          1,
          1,
          1,
          null,
          null,
          null
        ]
      },
      "/Users/Swa/Desktop/Projects/week10/Bank_tech_test/spec/statement_spec.rb": {
        "lines": [
          null,
          null,
          1,
          null,
          1,
          1,
          4,
          null,
          1,
          1,
          null,
          1,
          null,
          null,
          1,
          1,
          1,
          null,
          1,
          null,
          null,
          1,
          1,
          2,
          null,
          null,
          null,
          null,
          1,
          6,
          null,
          1,
          1,
          null,
          1,
          1,
          null,
          1,
          null,
          null,
          1,
          1,
          1,
          null,
          1,
          1,
          null,
          null,
          1,
          1,
          1,
          1,
          null,
          1,
          1,
          null,
          null,
          1,
          1,
          1,
          1,
          1,
          1,
          null,
          1,
          1,
          1,
          1,
          1,
          1,
          null,
          null,
          1,
          1,
          1,
          2,
          1,
          null,
          null,
          null,
          null
        ]
      }
    },
    "timestamp": 1644188847
  }
}
